2025-09-29 05:53:22,236 - INFO - Starting universal build process...
2025-09-29 05:53:22,236 - INFO - Build ID: build-1759125202
2025-09-29 05:53:22,615 - INFO - Detected 2 projects
2025-09-29 05:53:22,615 - INFO - Building 0 high-confidence projects
2025-09-29 05:53:22,616 - INFO - Results saved to build-results-build-1759125202.json
2025-09-29 05:53:31,755 - INFO - Starting universal build process...
2025-09-29 05:53:31,756 - INFO - Build ID: build-1759125211
2025-09-29 05:53:32,136 - INFO - Detected 2 projects
2025-09-29 05:53:32,136 - INFO - Building 0 high-confidence projects
2025-09-29 05:53:32,137 - INFO - Results saved to build-results-build-1759125211.json
2025-09-29 05:53:49,650 - INFO - Starting universal build process...
2025-09-29 05:53:49,650 - INFO - Build ID: build-1759125229
2025-09-29 05:53:50,034 - INFO - Detected 2 projects
2025-09-29 05:53:50,034 - INFO - Building 2 high-confidence projects
2025-09-29 05:53:50,036 - INFO - Building project: scripts (python)
2025-09-29 05:53:50,036 - INFO - Building project: src (javascript)
2025-09-29 05:53:50,036 - INFO - Running install: pip install -r requirements.txt || poetry install || pipenv install
2025-09-29 05:53:50,036 - ERROR - Failed to build src: [Errno 2] No such file or directory: 'src'
2025-09-29 05:53:50,483 - WARNING - Operation install failed for scripts
2025-09-29 05:53:50,483 - INFO - Running test: python -m pytest || python -m unittest discover
2025-09-29 05:53:50,611 - WARNING - Operation test failed for scripts
2025-09-29 05:53:50,612 - INFO - Results saved to build-results-build-1759125229.json
